0
0
0
0
0
0
0
1
2
2
2
3
3
3
3
4
4
5
5
5
5
5
7
8
8
8
10
12
13
13
13
14
17
18
19
20
21
24
24
24
24
25
26
26
27
28
28
28
28
31
31
31
31
31
31
35
35
35
39
41
45
46
53
53
53
54
58
60
64
64
66
77
79
84
84
91
93
98
99
102
103
109
112
117
117
129
130
130
136
137
137
140
142
142
144
148
150
154
160
170
172
173
181
184
190
199
201
207
210
210
215
220
224
227
227
227
228
228
232
239
240
241
243
246
247
249
249
254
268
268
272
273
280
280
281
284
287
287
290
293
294
296
298
304
304
306
310
310
319
319
319
328
329
331
336
340
348
352
359
360
364
368
427
428
435
441
455
456
456
460
465
465
475
478
486
486
491
500
501
504
516
527
528
536
540
540
540
551
552
564
564
564
579
586
598
601
602
625
631
638
640
642
645
658
669
697
700
707
708
714
719
733
734
734
735
740
750
783
794
796
800
808
809
809
813
823
828
828
829
838
841
844
844
844
861
861
863
867
878
908
909
912
914
928
942
942
961
963
964
969
978
1036
1040
1055
1056
1056
1065
1066
1070
1078
1092
1103
1118
1134
1136
1140
1166
1172
1179
1185
1217
1219
1237
1237
1240
1241
1249
1271
1279
1295
1295
1303
1317
1337
1340
1341
1344
1369
1374
1399
1399
1400
1401
1403
1406
1407
1418
1445
1445
1447
1460
1487
1536
1544
1544
1549
1558
1578
1583
1592
1592
1612
1614
1615
1621
1624
1637
1639
1660
1683
1685
1696
1717
1740
1746
1794
1794
1804
1835
1837
1863
1887
1911
1937
1940
1955
1965
1985
2005
2043
2053
2074
2087
2111
2120
2132
2136
2145
2145
2163
2163
2190
2190
2194
2211
2215
2233
2245
2264
2276
2359
2360
2362
2362
2364
2370
2382
2399
2403
2403
2421
2433
2459
2483
2497
2517
2531
2541
2546
2566
2566
2592
2617
2636
2652
2653
2656
2661
2662
2663
2672
2686
2706
2717
2749
2749
2751
2758
2766
2784
2796
2797
2803
2810
2816
2826
2843
2859
2888
2894
2924
2947
2951
2952
2961
2981
2981
2988
3020
3037
3043
3069
3069
3070
3086
3099
3125
3126
3129
3156
3161
3191
3218
3248
3266
3273
3274
3279
3299
3322
3329
3330
3360
3376
3380
3382
3388
3397
3398
3422
3423
3447
3447
3457
3463
3467
3488
3509
3509
3511
3512
3529
3553
3560
3565
3566
3587
3599
3619
3648
3679
3683
3686
3697
3733
3743
3750
3756
3760
3771
3771
3795
3819
3821
3836
3850
3874
3890
3890
3917
3917
3917
3918
3918
3934
3952
4034
4093
4136
4136
